Determining if the pthread_create exist failed with the following output:
Change Dir: /home/xieyuting/playground/code/ROS/catkin_ws/build/CMakeFiles/CMakeTmp

Run Build Command:"/usr/bin/make" "cmTC_6a5dd/fast"
/usr/bin/make -f CMakeFiles/cmTC_6a5dd.dir/build.make CMakeFiles/cmTC_6a5dd.dir/build
make[1]: Entering directory '/home/xieyuting/playground/code/ROS/catkin_ws/build/CMakeFiles/CMakeTmp'
Building C object CMakeFiles/cmTC_6a5dd.dir/CheckSymbolExists.c.o
/usr/bin/cc     -o CMakeFiles/cmTC_6a5dd.dir/CheckSymbolExists.c.o   -c /home/xieyuting/playground/code/ROS/catkin_ws/build/CMakeFiles/CMakeTmp/CheckSymbolExists.c
Linking C executable cmTC_6a5dd
/usr/bin/cmake -E cmake_link_script CMakeFiles/cmTC_6a5dd.dir/link.txt --verbose=1
/usr/bin/cc       CMakeFiles/cmTC_6a5dd.dir/CheckSymbolExists.c.o  -o cmTC_6a5dd -rdynamic 
CMakeFiles/cmTC_6a5dd.dir/CheckSymbolExists.c.o: In function `main':
CheckSymbolExists.c:(.text+0x16): undefined reference to `pthread_create'
collect2: error: ld returned 1 exit status
CMakeFiles/cmTC_6a5dd.dir/build.make:97: recipe for target 'cmTC_6a5dd' failed
make[1]: *** [cmTC_6a5dd] Error 1
make[1]: Leaving directory '/home/xieyuting/playground/code/ROS/catkin_ws/build/CMakeFiles/CMakeTmp'
Makefile:126: recipe for target 'cmTC_6a5dd/fast' failed
make: *** [cmTC_6a5dd/fast] Error 2

File /home/xieyuting/playground/code/ROS/catkin_ws/build/CMakeFiles/CMakeTmp/CheckSymbolExists.c:
/* */
#include <pthread.h>

int main(int argc, char** argv)
{
  (void)argv;
#ifndef pthread_create
  return ((int*)(&pthread_create))[argc];
#else
  (void)argc;
  return 0;
#endif
}

Determining if the function pthread_create exists in the pthreads failed with the following output:
Change Dir: /home/xieyuting/playground/code/ROS/catkin_ws/build/CMakeFiles/CMakeTmp

Run Build Command:"/usr/bin/make" "cmTC_98799/fast"
/usr/bin/make -f CMakeFiles/cmTC_98799.dir/build.make CMakeFiles/cmTC_98799.dir/build
make[1]: Entering directory '/home/xieyuting/playground/code/ROS/catkin_ws/build/CMakeFiles/CMakeTmp'
Building C object CMakeFiles/cmTC_98799.dir/CheckFunctionExists.c.o
/usr/bin/cc    -DCHECK_FUNCTION_EXISTS=pthread_create   -o CMakeFiles/cmTC_98799.dir/CheckFunctionExists.c.o   -c /usr/share/cmake-3.5/Modules/CheckFunctionExists.c
Linking C executable cmTC_98799
/usr/bin/cmake -E cmake_link_script CMakeFiles/cmTC_98799.dir/link.txt --verbose=1
/usr/bin/cc   -DCHECK_FUNCTION_EXISTS=pthread_create    CMakeFiles/cmTC_98799.dir/CheckFunctionExists.c.o  -o cmTC_98799 -rdynamic -lpthreads 
/usr/bin/ld: cannot find -lpthreads
collect2: error: ld returned 1 exit status
CMakeFiles/cmTC_98799.dir/build.make:97: recipe for target 'cmTC_98799' failed
make[1]: *** [cmTC_98799] Error 1
make[1]: Leaving directory '/home/xieyuting/playground/code/ROS/catkin_ws/build/CMakeFiles/CMakeTmp'
Makefile:126: recipe for target 'cmTC_98799/fast' failed
make: *** [cmTC_98799/fast] Error 2


